<?xml version="1.0" encoding="UTF-8"?>
<!-- Generated by org.testng.reporters.JUnitReportReporter -->
<testsuite hostname="LAPTOP-9RLL9BBQ" name="Academy.HomePage" tests="2" failures="0" timestamp="29 Aug 2020 07:07:43 GMT" time="32.121" errors="0">
  <testcase name="basePageNavigation" time="3.833" classname="Academy.HomePage"/>
  <testcase name="basePageNavigation" time="28.288" classname="Academy.HomePage"/>
</testsuite> <!-- Academy.HomePage -->
