<?xml version="1.0" encoding="UTF-8"?>
<!-- Generated by org.testng.reporters.JUnitReportReporter -->
<testsuite hostname="LAPTOP-9RLL9BBQ" name="Academy.validateNavigation" tests="1" failures="0" timestamp="29 Aug 2020 10:11:33 GMT" time="51.373" errors="0">
  <testcase name="HomePageNavigationBar" time="51.373" classname="Academy.validateNavigation"/>
</testsuite> <!-- Academy.validateNavigation -->
